<?xml version="1.0" encoding="UTF-8"?>
<!-- Generated by org.testng.reporters.JUnitReportReporter -->
<testsuite skipped="0" hostname="INLN56578362A" name="com.framework.testcases.Testcasewithoutframework" tests="1" failures="0" timestamp="16 Jun 2019 12:19:09 GMT" time="35.878" errors="0">
  <testcase name="test" time="35.878" classname="com.framework.testcases.Testcasewithoutframework"/>
</testsuite> <!-- com.framework.testcases.Testcasewithoutframework -->
